<?xml version="1.0" encoding="UTF-8" ?>
<testsuite tests="7" failures="0" name="parser.json.GeneratorTest" time="0.079" errors="0" skipped="0">
  <properties>
    <property name="java.runtime.name" value="Java(TM) SE Runtime Environment"/>
    <property name="sun.boot.library.path" value="C:\Program Files\Java\jdk1.8.0_121\jre\bin"/>
    <property name="java.vm.version" value="25.121-b13"/>
    <property name="java.vm.vendor" value="Oracle Corporation"/>
    <property name="maven.multiModuleProjectDirectory" value="C:\gitrepos\jsonp"/>
    <property name="java.vendor.url" value="http://java.oracle.com/"/>
    <property name="path.separator" value=";"/>
    <property name="guice.disable.misplaced.annotation.check" value="true"/>
    <property name="java.vm.name" value="Java HotSpot(TM) 64-Bit Server VM"/>
    <property name="file.encoding.pkg" value="sun.io"/>
    <property name="user.script" value=""/>
    <property name="user.country" value="US"/>
    <property name="sun.java.launcher" value="SUN_STANDARD"/>
    <property name="sun.os.patch.level" value=""/>
    <property name="infa.platform" value="WIN64"/>
    <property name="java.vm.specification.name" value="Java Virtual Machine Specification"/>
    <property name="user.dir" value="C:\gitrepos\jsonp"/>
    <property name="java.runtime.version" value="1.8.0_121-b13"/>
    <property name="java.awt.graphicsenv" value="sun.awt.Win32GraphicsEnvironment"/>
    <property name="java.endorsed.dirs" value="C:\Program Files\Java\jdk1.8.0_121\jre\lib\endorsed"/>
    <property name="os.arch" value="amd64"/>
    <property name="java.io.tmpdir" value="C:\p4\Temp\"/>
    <property name="line.separator" value="
"/>
    <property name="java.vm.specification.vendor" value="Oracle Corporation"/>
    <property name="user.variant" value=""/>
    <property name="infa.build_config" value="RELEASE"/>
    <property name="os.name" value="Windows 10"/>
    <property name="classworlds.conf" value="C:\p4\programs\maven\bin\..\bin\m2.conf"/>
    <property name="gpg.passphrase" value="2059C49B19C2EA71073496001ABEECA6C8824BA4"/>
    <property name="sun.jnu.encoding" value="Cp1252"/>
    <property name="java.library.path" value="C:\Program Files\Java\jdk1.8.0_121\bin;C:\WINDOWS\Sun\Java\bin;C:\WINDOWS\system32;C:\WINDOWS;C:\Program Files\Java\jdk1.8.0_121\jre\bin\server;C:\p4\programs\sqlplus\win-x64\instantclient_11_2;C:\p4\scripts;C:\p4\Temp\default\bin;C:\Program Files\Java\jdk1.8.0_121\bin;C:\p4\programs\mks\win-x64;C:\p4\programs\p4\win-x64\;C:\p4\programs\doxygen\win-x64\1.5.5\bin;C:\p4\Temp\default\SAPJCo\3\WIN64\lib;C:\Program Files (x86)\Microsoft Visual Studio 12.0\Common7\IDE;C:\Program Files\Unlocker;C:\p4\programs\distributed-builder;C:\WINDOWS\system32;C:\WINDOWS;C:\WINDOWS\System32\Wbem;C:\Program Files\Java\jdk1.8.0_121\bin;C:\p4\programs\p4\win-x64\;C:\p4\programs\protobuf\bin;C:\Program Files (x86)\Microsoft Visual Studio 12.0\Common7\IDE;C:\p4\scripts;C:\p4\programs\mks\win-x64;C:\p4\programs\sqlplus\win-x64\instantclient_11_2;C:\p4\Temp\default\bin;."/>
    <property name="java.specification.name" value="Java Platform API Specification"/>
    <property name="java.class.version" value="52.0"/>
    <property name="sun.management.compiler" value="HotSpot 64-Bit Tiered Compilers"/>
    <property name="os.version" value="10.0"/>
    <property name="user.home" value="C:\Users\senthils"/>
    <property name="user.timezone" value="Asia/Calcutta"/>
    <property name="java.awt.printerjob" value="sun.awt.windows.WPrinterJob"/>
    <property name="java.specification.version" value="1.8"/>
    <property name="file.encoding" value="Cp1252"/>
    <property name="user.name" value="senthils"/>
    <property name="java.class.path" value="C:\p4\programs\maven\bin\..\boot\plexus-classworlds-2.5.2.jar"/>
    <property name="java.vm.specification.version" value="1.8"/>
    <property name="sun.arch.data.model" value="64"/>
    <property name="java.home" value="C:\Program Files\Java\jdk1.8.0_121\jre"/>
    <property name="sun.java.command" value="org.codehaus.plexus.classworlds.launcher.Launcher -s C:\p4\Temp\release-settings856452725787070391.xml clean verify --no-plugin-updates -Dgpg.passphrase=2059C49B19C2EA71073496001ABEECA6C8824BA4"/>
    <property name="java.specification.vendor" value="Oracle Corporation"/>
    <property name="user.language" value="en"/>
    <property name="awt.toolkit" value="sun.awt.windows.WToolkit"/>
    <property name="java.vm.info" value="mixed mode"/>
    <property name="java.version" value="1.8.0_121"/>
    <property name="java.ext.dirs" value="C:\Program Files\Java\jdk1.8.0_121\jre\lib\ext;C:\WINDOWS\Sun\Java\lib\ext"/>
    <property name="sun.boot.class.path" value="C:\Program Files\Java\jdk1.8.0_121\jre\lib\resources.jar;C:\Program Files\Java\jdk1.8.0_121\jre\lib\rt.jar;C:\Program Files\Java\jdk1.8.0_121\jre\lib\sunrsasign.jar;C:\Program Files\Java\jdk1.8.0_121\jre\lib\jsse.jar;C:\Program Files\Java\jdk1.8.0_121\jre\lib\jce.jar;C:\Program Files\Java\jdk1.8.0_121\jre\lib\charsets.jar;C:\Program Files\Java\jdk1.8.0_121\jre\lib\jfr.jar;C:\Program Files\Java\jdk1.8.0_121\jre\classes"/>
    <property name="java.vendor" value="Oracle Corporation"/>
    <property name="maven.home" value="C:\p4\programs\maven\bin\.."/>
    <property name="file.separator" value="\"/>
    <property name="java.vendor.url.bug" value="http://bugreport.sun.com/bugreport/"/>
    <property name="sun.cpu.endian" value="little"/>
    <property name="sun.io.unicode.encoding" value="UnicodeLittle"/>
    <property name="infa.build_package" value="DEVEL"/>
    <property name="sun.desktop" value="windows"/>
    <property name="sun.cpu.isalist" value="amd64"/>
  </properties>
  <testcase classname="parser.json.GeneratorTest" name="testDoubleJSON" time="0.068"/>
  <testcase classname="parser.json.GeneratorTest" name="testEmptyJSON" time="0"/>
  <testcase classname="parser.json.GeneratorTest" name="testStringJSON" time="0"/>
  <testcase classname="parser.json.GeneratorTest" name="testBoolJSON" time="0"/>
  <testcase classname="parser.json.GeneratorTest" name="testArrayJSON" time="0.007"/>
  <testcase classname="parser.json.GeneratorTest" name="testObjectJSON" time="0.004"/>
  <testcase classname="parser.json.GeneratorTest" name="testIntegerJSON" time="0"/>
</testsuite>